<?xml version="1.0" encoding="UTF-8"?>
<!-- Generated by org.testng.reporters.JUnitReportReporter -->
<testsuite hostname="Srinath" name="com.mln.restassured_NonBDD.GetRequest" tests="1" failures="0" timestamp="22 Jul 2022 02:34:37 GMT" time="3.923" errors="0">
  <testcase name="GetProducts" time="3.923" classname="com.mln.restassured_NonBDD.GetRequest"/>
</testsuite> <!-- com.mln.restassured_NonBDD.GetRequest -->
