<?xml version="1.0" encoding="UTF-8"?>
<!-- Generated by org.testng.reporters.JUnitReportReporter -->
<testsuite hostname="Srinath" name="com.mln.restassured_NonBDD.DeleteRequest" tests="1" failures="0" timestamp="22 Jul 2022 02:37:29 GMT" time="3.460" errors="0">
  <testcase name="deleteProduct" time="3.460" classname="com.mln.restassured_NonBDD.DeleteRequest"/>
</testsuite> <!-- com.mln.restassured_NonBDD.DeleteRequest -->
