<?xml version="1.0" encoding="UTF-8"?>
<!-- Generated by org.testng.reporters.JUnitReportReporter -->
<testsuite hostname="Srinath" name="com.mln.demos.JsonValidations" tests="5" failures="0" timestamp="23 Jun 2022 15:52:51 GMT" time="4.260" errors="0">
  <testcase name="check_arrayEntries" time="3.800" classname="com.mln.demos.JsonValidations"/>
  <testcase name="check_responseTime" time="0.125" classname="com.mln.demos.JsonValidations"/>
  <testcase name="check_editionId" time="0.071" classname="com.mln.demos.JsonValidations"/>
  <testcase name="check_playerMinHeight" time="0.122" classname="com.mln.demos.JsonValidations"/>
  <testcase name="check_homeCountry" time="0.142" classname="com.mln.demos.JsonValidations"/>
</testsuite> <!-- com.mln.demos.JsonValidations -->
