<?xml version="1.0" encoding="UTF-8"?>
<!-- Generated by org.testng.reporters.JUnitReportReporter -->
<testsuite hostname="Srinath" name="com.mln.demos.API_Basics" tests="1" failures="0" timestamp="23 Jun 2022 00:20:07 GMT" time="3.083" errors="0">
  <testcase name="getReqBddStyle" time="3.083" classname="com.mln.demos.API_Basics"/>
</testsuite> <!-- com.mln.demos.API_Basics -->
