<?xml version="1.0" encoding="UTF-8"?>
<!-- Generated by org.testng.reporters.JUnitReportReporter -->
<testsuite hostname="Srinath" name="com.mln.restassured_NonBDD.PutRequest" tests="1" failures="0" timestamp="21 Jul 2022 20:50:20 GMT" time="1.965" errors="0">
  <testcase name="putRequest" time="1.965" classname="com.mln.restassured_NonBDD.PutRequest"/>
</testsuite> <!-- com.mln.restassured_NonBDD.PutRequest -->
