<?xml version="1.0" encoding="UTF-8"?>
<!-- Generated by org.testng.reporters.JUnitReportReporter -->
<testsuite hostname="Srinath" name="com.mln.demos.PutRequest" tests="1" failures="0" timestamp="23 Jun 2022 00:50:30 GMT" time="2.828" errors="0">
  <testcase name="putReq" time="2.828" classname="com.mln.demos.PutRequest"/>
</testsuite> <!-- com.mln.demos.PutRequest -->
