<?xml version="1.0" encoding="UTF-8"?>
<!-- Generated by org.testng.reporters.JUnitReportReporter -->
<testsuite hostname="Srinath" name="com.mln.demos.GetRequest" tests="2" failures="0" timestamp="23 Jun 2022 01:08:27 GMT" time="2.822" errors="0">
  <testcase name="getReq02" time="2.345" classname="com.mln.demos.GetRequest"/>
  <testcase name="getReqBddStyle" time="0.477" classname="com.mln.demos.GetRequest"/>
</testsuite> <!-- com.mln.demos.GetRequest -->
