<?xml version="1.0" encoding="UTF-8"?>
<!-- Generated by org.testng.reporters.JUnitReportReporter -->
<testsuite hostname="Srinath" name="com.mln.demos.PatchRequest" tests="1" failures="0" timestamp="23 Jun 2022 00:51:53 GMT" time="3.533" errors="0">
  <testcase name="patchReq" time="3.533" classname="com.mln.demos.PatchRequest"/>
</testsuite> <!-- com.mln.demos.PatchRequest -->
