<?xml version="1.0" encoding="UTF-8"?>
<!-- Generated by org.testng.reporters.JUnitReportReporter -->
<testsuite hostname="Srinath" name="com.mln.demos.PostRequest" tests="2" failures="0" timestamp="23 Jun 2022 01:08:15 GMT" time="3.230" errors="0">
  <testcase name="postReq02" time="0.044" classname="com.mln.demos.PostRequest"/>
  <testcase name="postReq01" time="3.186" classname="com.mln.demos.PostRequest"/>
</testsuite> <!-- com.mln.demos.PostRequest -->
