<?xml version="1.0" encoding="UTF-8"?>
<!-- Generated by org.testng.reporters.JUnitReportReporter -->
<testsuite hostname="Srinath" name="com.mln.restassured_NonBDD.PostRequest" tests="1" failures="0" timestamp="21 Jul 2022 20:40:47 GMT" time="1.926" errors="0">
  <testcase name="CreateProduct" time="1.926" classname="com.mln.restassured_NonBDD.PostRequest"/>
</testsuite> <!-- com.mln.restassured_NonBDD.PostRequest -->
