<?xml version="1.0" encoding="UTF-8"?>
<!-- Generated by org.testng.reporters.JUnitReportReporter -->
<testsuite hostname="Srinath" name="com.mln.restassured_NonBDD.GetRequest" tests="1" failures="0" timestamp="21 Jul 2022 20:25:05 GMT" time="2.556" errors="0">
  <testcase name="GetProducts" time="2.556" classname="com.mln.restassured_NonBDD.GetRequest"/>
</testsuite> <!-- com.mln.restassured_NonBDD.GetRequest -->
