<?xml version="1.0" encoding="UTF-8"?>
<!-- Generated by org.testng.reporters.JUnitReportReporter -->
<testsuite hostname="Srinath" name="com.mln.demos.Test02_Post" tests="1" failures="0" timestamp="22 Jun 2022 20:41:16 GMT" time="2.110" errors="0">
  <testcase name="Post" time="2.110" classname="com.mln.demos.Test02_Post"/>
</testsuite> <!-- com.mln.demos.Test02_Post -->
