<?xml version="1.0" encoding="UTF-8"?>
<!-- Generated by org.testng.reporters.JUnitReportReporter -->
<testsuite hostname="Srinath" name="com.mln.demos.DeleteRequest" tests="2" failures="0" timestamp="23 Jun 2022 01:04:18 GMT" time="3.778" errors="0">
  <testcase name="deleteReq01" time="3.659" classname="com.mln.demos.DeleteRequest"/>
  <testcase name="deleteReq02" time="0.119" classname="com.mln.demos.DeleteRequest"/>
</testsuite> <!-- com.mln.demos.DeleteRequest -->
