<?xml version="1.0" encoding="UTF-8"?>
<!-- Generated by org.testng.reporters.JUnitReportReporter -->
<testsuite hostname="Srinath" name="com.mln.jsonConstruction.Serialization" tests="1" failures="0" timestamp="22 Jul 2022 04:15:58 GMT" time="2.952" errors="0">
  <testcase name="serialize" time="2.952" classname="com.mln.jsonConstruction.Serialization"/>
</testsuite> <!-- com.mln.jsonConstruction.Serialization -->
